<?xml version="1.0" encoding="UTF-8"?>
<!-- Generated by org.testng.reporters.JUnitXMLReporter -->
<testsuite ignored="0" hostname="LAPTOP-C9C6UIT0" failures="0" tests="2" name="ChromeTest" time="0.164" errors="0" timestamp="2022-05-30T08:51:51 IST">
  <testcase classname="tests.Gyama" name="@BeforeTest launchBrowser" time="0.039">
    <failure type="java.lang.NullPointerException" message="Cannot invoke &amp;quot;org.openqa.selenium.WebDriver.manage()&amp;quot; because &amp;quot;this.driver&amp;quot; is null">
      <![CDATA[java.lang.NullPointerException: Cannot invoke "org.openqa.selenium.WebDriver.manage()" because "this.driver" is null
at tests.Gyama.launchBrowser(Gyama.java:44)
... Removed 24 stack frames]]>
    </failure>
  </testcase> <!-- @BeforeTest launchBrowser -->
  <testcase classname="tests.Gyama" name="@BeforeClass LaunchBrowser" time="-1.653880911123E9">
    <skipped/>
  </testcase> <!-- @BeforeClass LaunchBrowser -->
  <testcase classname="tests.Gyama" name="@BeforeMethod loginToOrangeHRM" time="-1.653880911135E9">
    <skipped/>
  </testcase> <!-- @BeforeMethod loginToOrangeHRM -->
  <testcase classname="tests.Gyama" name="@AfterMethod logoutFromOrangeHRM" time="-1.653880911145E9">
    <skipped/>
  </testcase> <!-- @AfterMethod logoutFromOrangeHRM -->
  <testcase classname="tests.Gyama" name="@BeforeMethod loginToOrangeHRM" time="-1.653880911148E9">
    <skipped/>
  </testcase> <!-- @BeforeMethod loginToOrangeHRM -->
  <testcase classname="tests.Gyama" name="@AfterMethod logoutFromOrangeHRM" time="-1.653880911159E9">
    <skipped/>
  </testcase> <!-- @AfterMethod logoutFromOrangeHRM -->
  <testcase classname="tests.Gyama" name="@AfterClass clearPOMobject" time="-1.653880911164E9">
    <skipped/>
  </testcase> <!-- @AfterClass clearPOMobject -->
  <testcase classname="tests.Gyama" name="@AfterTest closeBrowser" time="-1.653880911174E9">
    <skipped/>
  </testcase> <!-- @AfterTest closeBrowser -->
  <testcase classname="tests.Gyama" name="verifyAdmin" time="0.0">
    <skipped/>
  </testcase> <!-- verifyAdmin -->
  <testcase classname="tests.Gyama" name="verifyRecruitmentTab" time="0.0">
    <skipped/>
  </testcase> <!-- verifyRecruitmentTab -->
</testsuite> <!-- ChromeTest -->
