<?xml version="1.0" encoding="UTF-8"?>
<!-- Generated by org.testng.reporters.JUnitXMLReporter -->
<testsuite ignored="0" hostname="LAPTOP-C9C6UIT0" failures="0" tests="2" name="OrangeHRMTest1" time="0.946" errors="0" timestamp="2022-05-24T16:58:48 IST">
  <testcase classname="tests.Gyama" name="@BeforeTest launchBrowser" time="0.69">
    <failure type="java.lang.IllegalStateException" message="The driver executable does not exist: C:\Users\AKASH\Desktop\geckodriver-v0.31.0-win64.zip">
      <![CDATA[java.lang.IllegalStateException: The driver executable does not exist: C:\Users\AKASH\Desktop\geckodriver-v0.31.0-win64.zip
at com.google.common.base.Preconditions.checkState(Preconditions.java:585)
at org.openqa.selenium.remote.service.DriverService.checkExecutable(DriverService.java:146)
at org.openqa.selenium.remote.service.DriverService.findExecutable(DriverService.java:141)
at org.openqa.selenium.firefox.GeckoDriverService.access$100(GeckoDriverService.java:44)
at org.openqa.selenium.firefox.GeckoDriverService$Builder.findDefaultExecutable(GeckoDriverService.java:167)
at org.openqa.selenium.remote.service.DriverService$Builder.build(DriverService.java:355)
at org.openqa.selenium.firefox.FirefoxDriver.toExecutor(FirefoxDriver.java:190)
at org.openqa.selenium.firefox.FirefoxDriver.<init>(FirefoxDriver.java:147)
at org.openqa.selenium.firefox.FirefoxDriver.<init>(FirefoxDriver.java:125)
at browserSetting.Base.openFirefoxBrowser(Base.java:16)
at tests.Gyama.launchBrowser(Gyama.java:37)
at java.base/java.util.concurrent.FutureTask.run(FutureTask.java:264)
at java.base/java.util.concurrent.ThreadPoolExecutor.runWorker(ThreadPoolExecutor.java:1136)
at java.base/java.util.concurrent.ThreadPoolExecutor$Worker.run(ThreadPoolExecutor.java:635)
at java.base/java.lang.Thread.run(Thread.java:833)
... Removed 15 stack frames]]>
    </failure>
  </testcase> <!-- @BeforeTest launchBrowser -->
  <testcase classname="tests.Gyama" name="@BeforeClass LaunchBrowser" time="-1.653391727754E9">
    <skipped/>
  </testcase> <!-- @BeforeClass LaunchBrowser -->
  <testcase classname="tests.Gyama" name="@BeforeMethod loginToOrangeHRM" time="-1.653391727772E9">
    <skipped/>
  </testcase> <!-- @BeforeMethod loginToOrangeHRM -->
  <testcase classname="tests.Gyama" name="@AfterMethod logoutFromOrangeHRM" time="-1.653391727803E9">
    <skipped/>
  </testcase> <!-- @AfterMethod logoutFromOrangeHRM -->
  <testcase classname="tests.Gyama" name="@BeforeMethod loginToOrangeHRM" time="-1.653391727812E9">
    <skipped/>
  </testcase> <!-- @BeforeMethod loginToOrangeHRM -->
  <testcase classname="tests.Gyama" name="@AfterMethod logoutFromOrangeHRM" time="-1.653391727832E9">
    <skipped/>
  </testcase> <!-- @AfterMethod logoutFromOrangeHRM -->
  <testcase classname="tests.Gyama" name="@AfterClass clearPOMobject" time="-1.653391727837E9">
    <skipped/>
  </testcase> <!-- @AfterClass clearPOMobject -->
  <testcase classname="tests.Gyama" name="@AfterTest closeBrowser" time="-1.653391727894E9">
    <skipped/>
  </testcase> <!-- @AfterTest closeBrowser -->
  <testcase classname="tests.Gyama" name="verifyAdmin" time="0.0">
    <skipped/>
  </testcase> <!-- verifyAdmin -->
  <testcase classname="tests.Gyama" name="verifyRecruitmentTab" time="0.0">
    <skipped/>
  </testcase> <!-- verifyRecruitmentTab -->
</testsuite> <!-- OrangeHRMTest1 -->
