<?xml version="1.0" encoding="UTF-8"?>
<!-- Generated by org.testng.reporters.JUnitXMLReporter -->
<testsuite ignored="0" hostname="LAPTOP-C9C6UIT0" failures="0" tests="2" name="FirefoxTest-OrangeHRM" time="0.183" errors="0" timestamp="2022-05-29T17:16:02 IST">
  <testcase classname="tests.Gyama" name="@BeforeTest launchBrowser" time="0.002">
    <failure type="java.lang.NullPointerException" message="Cannot invoke &amp;quot;org.openqa.selenium.WebDriver.manage()&amp;quot; because &amp;quot;this.driver&amp;quot; is null">
      <![CDATA[java.lang.NullPointerException: Cannot invoke "org.openqa.selenium.WebDriver.manage()" because "this.driver" is null
at tests.Gyama.launchBrowser(Gyama.java:44)
... Removed 24 stack frames]]>
    </failure>
  </testcase> <!-- @BeforeTest launchBrowser -->
  <testcase classname="tests.Gyama" name="@BeforeClass LaunchBrowser" time="-1.653824762235E9">
    <skipped/>
  </testcase> <!-- @BeforeClass LaunchBrowser -->
  <testcase classname="tests.Gyama" name="@BeforeMethod loginToOrangeHRM" time="-1.653824762241E9">
    <skipped/>
  </testcase> <!-- @BeforeMethod loginToOrangeHRM -->
  <testcase classname="tests.Gyama" name="@AfterMethod logoutFromOrangeHRM" time="-1.653824762254E9">
    <skipped/>
  </testcase> <!-- @AfterMethod logoutFromOrangeHRM -->
  <testcase classname="tests.Gyama" name="@BeforeMethod loginToOrangeHRM" time="-1.65382476226E9">
    <skipped/>
  </testcase> <!-- @BeforeMethod loginToOrangeHRM -->
  <testcase classname="tests.Gyama" name="@AfterMethod logoutFromOrangeHRM" time="-1.65382476227E9">
    <skipped/>
  </testcase> <!-- @AfterMethod logoutFromOrangeHRM -->
  <testcase classname="tests.Gyama" name="@AfterClass clearPOMobject" time="-1.653824762274E9">
    <skipped/>
  </testcase> <!-- @AfterClass clearPOMobject -->
  <testcase classname="tests.Gyama" name="@AfterTest closeBrowser" time="-1.653824762277E9">
    <skipped/>
  </testcase> <!-- @AfterTest closeBrowser -->
  <testcase classname="tests.Gyama" name="verifyAdmin" time="0.0">
    <skipped/>
  </testcase> <!-- verifyAdmin -->
  <testcase classname="tests.Gyama" name="verifyRecruitmentTab" time="0.0">
    <skipped/>
  </testcase> <!-- verifyRecruitmentTab -->
</testsuite> <!-- FirefoxTest-OrangeHRM -->
