<?xml version="1.0" encoding="UTF-8"?>
<!-- Generated by org.testng.reporters.JUnitXMLReporter -->
<testsuite ignored="0" hostname="LAPTOP-C9C6UIT0" failures="0" tests="2" name="FirefoxBrowser" time="19.516" errors="0" timestamp="2022-05-22T01:20:43 IST">
  <testcase classname="tests.VerifyTheOrangeHRMHeader1" name="@BeforeMethod loginToOrangeHRM" time="0.001">
    <failure type="java.lang.NullPointerException" message="Cannot invoke &amp;quot;org.openqa.selenium.WebDriver.get(String)&amp;quot; because &amp;quot;this.driver&amp;quot; is null">
      <![CDATA[java.lang.NullPointerException: Cannot invoke "org.openqa.selenium.WebDriver.get(String)" because "this.driver" is null
at tests.VerifyTheOrangeHRMHeader1.loginToOrangeHRM(VerifyTheOrangeHRMHeader1.java:31)
at java.base/java.util.ArrayList.forEach(ArrayList.java:1511)
... Removed 31 stack frames]]>
    </failure>
  </testcase> <!-- @BeforeMethod loginToOrangeHRM -->
  <testcase classname="tests.VerifyTheOrangeHRMHeader1" name="@AfterMethod logoutFromOrangeHRM" time="-1.653162643504E9">
    <skipped/>
  </testcase> <!-- @AfterMethod logoutFromOrangeHRM -->
  <testcase classname="tests.VerifyTheOrangeHRMHeader1" name="@BeforeMethod loginToOrangeHRM" time="-1.65316264351E9">
    <skipped/>
  </testcase> <!-- @BeforeMethod loginToOrangeHRM -->
  <testcase classname="tests.VerifyTheOrangeHRMHeader1" name="@AfterMethod logoutFromOrangeHRM" time="-1.653162643526E9">
    <skipped/>
  </testcase> <!-- @AfterMethod logoutFromOrangeHRM -->
  <testcase classname="tests.VerifyTheOrangeHRMHeader1" name="@AfterClass afterClass" time="-1.65316264353E9">
    <skipped/>
  </testcase> <!-- @AfterClass afterClass -->
  <testcase classname="tests.VerifyTheOrangeHRMHeader1" name="verifyAdmin" time="0.0">
    <skipped/>
  </testcase> <!-- verifyAdmin -->
  <testcase classname="tests.VerifyTheOrangeHRMHeader1" name="verifyRecruitmentTab" time="0.0">
    <skipped/>
  </testcase> <!-- verifyRecruitmentTab -->
</testsuite> <!-- FirefoxBrowser -->
